TN:
SF:src/App.jsx
FN:1,(empty-report)
FNF:1
FNH:0
FNDA:0,(empty-report)
DA:1,0
DA:2,0
DA:3,0
DA:4,0
DA:6,0
DA:7,0
DA:8,0
DA:9,0
DA:10,0
DA:12,0
DA:13,0
DA:14,0
DA:15,0
DA:17,0
DA:18,0
DA:19,0
DA:20,0
DA:21,0
DA:23,0
DA:24,0
DA:25,0
DA:27,0
DA:28,0
DA:29,0
DA:31,0
DA:32,0
DA:33,0
DA:34,0
DA:35,0
DA:36,0
DA:37,0
DA:38,0
DA:39,0
DA:40,0
DA:41,0
DA:42,0
DA:44,0
DA:45,0
DA:47,0
DA:48,0
DA:50,0
LF:41
LH:0
BRDA:1,0,0,0
BRF:1
BRH:0
end_of_record
TN:
SF:src/main.jsx
FN:1,(empty-report)
FNF:1
FNH:0
FNDA:0,(empty-report)
DA:1,0
DA:2,0
DA:3,0
DA:4,0
DA:6,0
DA:7,0
DA:8,0
DA:9,0
DA:10,0
LF:9
LH:0
BRDA:1,0,0,0
BRF:1
BRH:0
end_of_record
TN:
SF:src/pages/AdminDashboard.jsx
FN:28,formatCurrency
FN:35,StatCard
FN:42,AdminDashboard
FN:48,fetchData
FN:58,calculateStats
FN:159,formatter
FNF:6
FNH:5
FNDA:10,formatCurrency
FNDA:6,StatCard
FNDA:4,AdminDashboard
FNDA:2,fetchData
FNDA:2,calculateStats
FNDA:0,formatter
DA:1,1
DA:2,1
DA:3,1
DA:17,1
DA:28,1
DA:29,10
DA:30,10
DA:31,10
DA:32,10
DA:33,10
DA:35,1
DA:36,6
DA:37,6
DA:38,6
DA:39,6
DA:42,4
DA:43,4
DA:44,4
DA:45,4
DA:47,4
DA:48,2
DA:49,2
DA:50,2
DA:51,2
DA:52,2
DA:53,2
DA:54,2
DA:55,2
DA:56,4
DA:58,4
DA:59,2
DA:60,1
DA:61,1
DA:62,1
DA:64,1
DA:65,1
DA:66,1
DA:67,1
DA:68,1
DA:69,1
DA:71,1
DA:72,1
DA:73,1
DA:74,1
DA:75,1
DA:76,1
DA:77,1
DA:78,1
DA:79,2
DA:80,2
DA:81,1
DA:82,0
DA:83,0
DA:84,1
DA:86,1
DA:87,5
DA:88,5
DA:89,1
DA:91,1
DA:92,2
DA:94,4
DA:95,2
DA:96,2
DA:97,2
DA:98,2
DA:99,2
DA:100,2
DA:101,2
DA:102,2
DA:103,2
DA:105,2
DA:106,2
DA:108,2
DA:110,2
DA:111,2
DA:112,2
DA:113,2
DA:114,2
DA:115,2
DA:116,2
DA:117,2
DA:118,2
DA:120,2
DA:121,2
DA:123,2
DA:124,2
DA:126,2
DA:127,2
DA:128,2
DA:129,2
DA:130,2
DA:131,2
DA:132,2
DA:133,2
DA:134,2
DA:135,2
DA:136,2
DA:137,2
DA:138,2
DA:139,2
DA:140,2
DA:141,2
DA:142,2
DA:143,2
DA:144,2
DA:145,2
DA:146,2
DA:147,2
DA:148,2
DA:150,2
DA:151,2
DA:153,2
DA:154,2
DA:155,2
DA:156,2
DA:157,2
DA:158,2
DA:159,2
DA:160,2
DA:161,2
DA:162,2
DA:163,2
DA:164,2
DA:166,2
DA:167,2
DA:169,2
DA:170,2
DA:171,2
DA:172,2
DA:173,2
DA:174,2
DA:175,2
DA:176,2
DA:177,2
DA:178,2
DA:179,2
DA:180,2
DA:181,2
DA:182,2
DA:183,2
DA:184,2
DA:185,2
DA:186,2
DA:187,2
DA:188,2
DA:189,2
DA:190,2
DA:191,2
DA:192,2
DA:193,2
DA:194,2
DA:195,2
DA:196,2
DA:197,2
DA:198,2
DA:199,2
DA:201,2
LF:157
LH:155
BRDA:28,0,0,10
BRDA:35,1,0,6
BRDA:42,2,0,4
BRDA:94,3,0,2
BRDA:47,4,0,2
BRDA:48,5,0,2
BRDA:58,6,0,2
BRDA:59,7,0,1
BRDA:66,8,0,2
BRDA:78,9,0,2
BRDA:79,10,0,0
BRDA:80,11,0,1
BRDA:81,12,0,0
BRDA:86,13,0,5
BRDA:183,14,0,2
BRF:15
BRH:13
end_of_record
TN:
SF:src/pages/LoginPage.jsx
FN:14,LoginPage
FN:19,handleLogin
FN:64,onChange
FN:73,onChange
FNF:4
FNH:4
FNDA:7,LoginPage
FNDA:2,handleLogin
FNDA:2,onChange
FNDA:2,onChange
DA:1,1
DA:2,1
DA:11,1
DA:12,1
DA:14,7
DA:15,7
DA:16,7
DA:17,7
DA:19,7
DA:20,2
DA:21,2
DA:22,1
DA:23,1
DA:24,1
DA:25,1
DA:26,1
DA:27,1
DA:28,2
DA:30,7
DA:31,7
DA:32,7
DA:33,7
DA:34,7
DA:35,7
DA:36,7
DA:37,7
DA:38,7
DA:39,7
DA:41,7
DA:42,7
DA:43,7
DA:44,7
DA:45,7
DA:46,7
DA:47,7
DA:48,7
DA:49,7
DA:50,7
DA:51,7
DA:52,7
DA:53,7
DA:55,7
DA:57,7
DA:58,7
DA:59,7
DA:60,7
DA:61,7
DA:62,7
DA:63,7
DA:64,7
DA:65,7
DA:66,7
DA:67,7
DA:68,7
DA:69,7
DA:70,7
DA:71,7
DA:72,7
DA:73,7
DA:74,7
DA:75,7
DA:76,7
DA:78,7
DA:79,7
DA:80,7
DA:82,7
LF:66
LH:66
BRDA:14,0,0,7
BRDA:58,1,0,1
BRDA:19,2,0,2
BRDA:21,3,0,1
BRDA:64,4,0,2
BRDA:73,5,0,2
BRF:6
BRH:6
end_of_record
TN:
SF:src/pages/Simulador.jsx
FN:31,Simulador
FN:48,handleValorEmprestimo
FN:52,handlePrazoMeses
FN:56,handleDataNascimento
FN:73,handleClose
FN:81,handleCalcular
FN:142,handleReset
FN:280,onClick
FN:287,onClose
FN:327,onClick
FNF:10
FNH:8
FNDA:79,Simulador
FNDA:15,handleValorEmprestimo
FNDA:14,handlePrazoMeses
FNDA:14,handleDataNascimento
FNDA:1,handleClose
FNDA:7,handleCalcular
FNDA:1,handleReset
FNDA:1,onClick
FNDA:0,onClose
FNDA:0,onClick
DA:1,1
DA:2,1
DA:3,1
DA:4,1
DA:23,1
DA:24,1
DA:25,1
DA:26,1
DA:27,1
DA:28,1
DA:29,1
DA:31,79
DA:32,79
DA:33,79
DA:35,79
DA:36,79
DA:37,79
DA:38,79
DA:40,79
DA:42,79
DA:43,79
DA:44,79
DA:45,79
DA:46,79
DA:48,79
DA:49,15
DA:50,15
DA:52,79
DA:53,14
DA:54,14
DA:56,79
DA:57,14
DA:59,14
DA:60,13
DA:61,13
DA:62,14
DA:63,13
DA:64,13
DA:66,14
DA:67,0
DA:68,0
DA:70,14
DA:71,14
DA:73,79
DA:74,1
DA:75,1
DA:76,1
DA:78,0
DA:79,1
DA:81,79
DA:82,7
DA:83,7
DA:84,7
DA:85,7
DA:86,7
DA:87,7
DA:88,7
DA:89,7
DA:91,7
DA:92,7
DA:93,1
DA:94,0
DA:95,7
DA:96,6
DA:97,6
DA:99,7
DA:100,2
DA:101,2
DA:102,2
DA:103,2
DA:104,2
DA:105,2
DA:106,2
DA:107,2
DA:109,5
DA:110,5
DA:111,5
DA:112,5
DA:113,5
DA:115,7
DA:116,1
DA:117,1
DA:118,1
DA:119,1
DA:120,1
DA:121,1
DA:122,1
DA:124,7
DA:125,1
DA:126,1
DA:127,1
DA:128,1
DA:129,1
DA:130,1
DA:131,1
DA:133,3
DA:134,3
DA:135,3
DA:136,3
DA:137,3
DA:138,3
DA:139,3
DA:140,7
DA:142,79
DA:143,1
DA:144,1
DA:145,1
DA:146,1
DA:147,1
DA:149,79
DA:150,79
DA:151,79
DA:152,79
DA:153,79
DA:154,79
DA:156,79
DA:157,79
DA:158,79
DA:159,79
DA:160,79
DA:161,79
DA:162,79
DA:163,79
DA:164,79
DA:165,79
DA:167,79
DA:168,79
DA:169,79
DA:170,79
DA:171,79
DA:172,79
DA:174,79
DA:175,79
DA:176,79
DA:177,79
DA:178,79
DA:179,79
DA:180,79
DA:182,79
DA:184,79
DA:185,79
DA:186,79
DA:188,79
DA:189,79
DA:190,79
DA:191,79
DA:192,79
DA:193,79
DA:195,79
DA:196,79
DA:197,79
DA:198,79
DA:199,79
DA:200,79
DA:201,79
DA:202,79
DA:203,79
DA:204,79
DA:205,79
DA:206,79
DA:207,79
DA:208,79
DA:209,79
DA:210,79
DA:211,79
DA:212,79
DA:213,79
DA:214,79
DA:215,79
DA:216,79
DA:217,79
DA:218,79
DA:219,79
DA:220,79
DA:221,79
DA:222,79
DA:223,79
DA:224,79
DA:225,79
DA:226,79
DA:227,79
DA:228,79
DA:229,79
DA:230,79
DA:231,79
DA:232,79
DA:233,79
DA:234,79
DA:235,79
DA:237,79
DA:238,79
DA:239,79
DA:240,79
DA:241,79
DA:242,79
DA:244,79
DA:246,79
DA:247,4
DA:248,4
DA:250,4
DA:251,4
DA:252,4
DA:253,4
DA:254,4
DA:255,4
DA:256,4
DA:257,4
DA:258,4
DA:259,4
DA:260,4
DA:261,4
DA:262,4
DA:263,4
DA:264,4
DA:265,4
DA:266,4
DA:267,4
DA:268,4
DA:269,4
DA:270,4
DA:271,4
DA:272,4
DA:273,4
DA:274,4
DA:275,4
DA:276,4
DA:277,4
DA:278,4
DA:279,4
DA:280,4
DA:281,4
DA:282,4
DA:284,4
DA:285,4
DA:286,4
DA:287,4
DA:288,4
DA:289,4
DA:291,4
DA:292,4
DA:293,4
DA:294,4
DA:295,4
DA:296,4
DA:297,4
DA:298,4
DA:299,4
DA:300,4
DA:301,4
DA:302,4
DA:303,4
DA:304,48
DA:305,48
DA:306,48
DA:307,48
DA:308,48
DA:309,48
DA:310,48
DA:311,48
DA:312,48
DA:313,48
DA:314,48
DA:315,48
DA:316,48
DA:317,48
DA:318,48
DA:319,48
DA:320,48
DA:321,48
DA:322,4
DA:323,4
DA:324,4
DA:325,4
DA:326,4
DA:327,4
DA:328,4
DA:329,4
DA:330,4
DA:332,79
DA:333,79
DA:334,79
DA:335,79
DA:336,79
DA:337,79
DA:338,79
DA:340,79
DA:341,79
DA:342,79
DA:343,79
DA:344,79
DA:345,79
DA:346,79
DA:347,79
DA:349,79
DA:350,79
DA:351,79
DA:352,79
DA:353,79
DA:355,79
DA:356,79
DA:357,79
DA:358,79
DA:360,79
LF:303
LH:299
BRDA:31,0,0,79
BRDA:246,1,0,4
BRDA:333,2,0,48
BRDA:333,3,0,35
BRDA:48,4,0,15
BRDA:52,5,0,14
BRDA:56,6,0,14
BRDA:59,7,0,13
BRDA:62,8,0,13
BRDA:66,9,0,0
BRDA:73,10,0,1
BRDA:76,11,0,0
BRDA:81,12,0,7
BRDA:92,13,0,1
BRDA:93,14,0,0
BRDA:95,15,0,6
BRDA:99,16,0,6
BRDA:99,17,0,2
BRDA:107,18,0,5
BRDA:115,19,0,1
BRDA:122,20,0,4
BRDA:124,21,0,1
BRDA:131,22,0,3
BRDA:142,23,0,1
BRDA:280,24,0,1
BRDA:303,25,0,48
BRF:26
BRH:23
end_of_record
TN:
SF:src/services/HistoricoService.js
FN:2,getHistorico
FNF:1
FNH:0
FNDA:0,getHistorico
DA:1,1
DA:2,1
DA:3,0
DA:4,0
DA:5,0
DA:6,0
DA:7,0
DA:8,0
DA:9,0
DA:10,0
DA:11,0
DA:12,0
DA:13,0
DA:14,0
DA:15,0
DA:16,1
DA:18,1
LF:17
LH:4
BRF:0
BRH:0
end_of_record
TN:
SF:src/services/RegistroSimulacaoService.js
FN:2,registrarSimulacao
FNF:1
FNH:0
FNDA:0,registrarSimulacao
DA:1,1
DA:2,1
DA:3,0
DA:5,0
DA:7,0
DA:8,0
DA:9,0
DA:10,0
DA:11,0
DA:12,0
DA:13,0
DA:14,0
DA:15,0
DA:16,0
DA:17,0
DA:18,0
DA:19,0
DA:20,0
DA:21,0
DA:22,0
DA:23,0
DA:24,0
DA:25,1
DA:27,1
LF:24
LH:4
BRF:0
BRH:0
end_of_record
TN:
SF:src/services/SimulacaoService.js
FN:5,SimulacaoService
FN:14,calcularSimulacao
FN:63,calcularPMT
FN:71,determinarTaxaJuros
FN:79,calcularIdade
FN:85,converterDataNascimento
FN:91,findTaxa
FN:98,findTaxaRecursively
FN:126,gerarTabelaAmortizacao
FNF:9
FNH:9
FNDA:2,SimulacaoService
FNDA:3,calcularSimulacao
FNDA:3,calcularPMT
FNDA:7,determinarTaxaJuros
FNDA:4,calcularIdade
FNDA:4,converterDataNascimento
FNDA:7,findTaxa
FNDA:24,findTaxaRecursively
FNDA:3,gerarTabelaAmortizacao
DA:1,1
DA:2,1
DA:4,1
DA:5,1
DA:6,2
DA:7,2
DA:8,2
DA:9,2
DA:10,2
DA:11,2
DA:12,2
DA:14,1
DA:15,3
DA:16,3
DA:17,3
DA:19,3
DA:20,3
DA:21,3
DA:22,3
DA:23,3
DA:25,3
DA:26,3
DA:27,3
DA:28,3
DA:29,3
DA:30,3
DA:31,3
DA:32,3
DA:33,3
DA:34,3
DA:35,3
DA:36,3
DA:37,3
DA:38,3
DA:39,3
DA:40,3
DA:41,3
DA:43,3
DA:45,3
DA:46,3
DA:47,3
DA:48,3
DA:49,3
DA:50,3
DA:51,3
DA:52,3
DA:53,3
DA:54,3
DA:55,1
DA:56,1
DA:57,1
DA:58,1
DA:59,1
DA:60,1
DA:61,1
DA:62,1
DA:63,1
DA:64,3
DA:65,3
DA:66,3
DA:67,3
DA:68,3
DA:69,3
DA:71,1
DA:72,7
DA:73,7
DA:74,7
DA:75,0
DA:76,0
DA:77,7
DA:79,1
DA:80,4
DA:81,4
DA:82,4
DA:83,4
DA:85,1
DA:86,4
DA:87,4
DA:88,4
DA:89,4
DA:91,1
DA:92,7
DA:93,7
DA:94,7
DA:95,7
DA:96,7
DA:98,1
DA:99,24
DA:100,7
DA:101,17
DA:102,17
DA:103,17
DA:104,24
DA:105,17
DA:106,17
DA:107,17
DA:109,17
DA:110,17
DA:111,17
DA:112,17
DA:113,17
DA:114,17
DA:116,17
DA:117,17
DA:119,17
DA:120,0
DA:121,0
DA:122,17
DA:123,10
DA:124,24
DA:126,1
DA:127,3
DA:128,3
DA:130,3
DA:131,36
DA:132,36
DA:133,36
DA:135,36
DA:136,36
DA:137,36
DA:138,36
DA:139,36
DA:140,36
DA:141,36
DA:143,3
DA:144,3
DA:145,1
LF:127
LH:123
BRDA:5,0,0,2
BRDA:8,1,0,6
BRDA:14,2,0,3
BRDA:63,3,0,3
BRDA:71,4,0,7
BRDA:74,5,0,0
BRDA:79,6,0,4
BRDA:85,7,0,4
BRDA:91,8,0,7
BRDA:94,9,0,0
BRDA:98,10,0,24
BRDA:99,11,0,7
BRDA:100,12,0,17
BRDA:102,13,0,7
BRDA:103,14,0,0
BRDA:104,15,0,17
BRDA:110,16,0,0
BRDA:111,17,0,0
BRDA:112,18,0,0
BRDA:113,19,0,10
BRDA:114,20,0,0
BRDA:116,21,0,7
BRDA:117,22,0,10
BRDA:119,23,0,0
BRDA:122,24,0,10
BRDA:126,25,0,3
BRDA:130,26,0,36
BRDA:139,27,0,35
BRDA:139,28,0,1
BRF:29
BRH:21
end_of_record
