TN:
SF:src/App.jsx
FN:1,(empty-report)
FNF:1
FNH:0
FNDA:0,(empty-report)
DA:1,0
DA:2,0
DA:3,0
DA:4,0
DA:5,0
DA:6,0
DA:7,0
DA:8,0
DA:9,0
DA:10,0
DA:11,0
DA:12,0
DA:13,0
DA:14,0
DA:15,0
DA:16,0
DA:17,0
DA:18,0
DA:19,0
DA:20,0
DA:21,0
DA:22,0
DA:23,0
DA:24,0
DA:25,0
DA:26,0
DA:27,0
DA:28,0
DA:29,0
DA:30,0
DA:31,0
DA:32,0
DA:33,0
DA:34,0
DA:35,0
DA:36,0
DA:37,0
DA:38,0
DA:39,0
DA:40,0
DA:41,0
DA:42,0
DA:43,0
DA:44,0
DA:45,0
DA:46,0
DA:47,0
DA:48,0
DA:49,0
DA:50,0
LF:50
LH:0
BRDA:1,0,0,0
BRF:1
BRH:0
end_of_record
TN:
SF:src/main.jsx
FN:1,(empty-report)
FNF:1
FNH:0
FNDA:0,(empty-report)
DA:1,0
DA:2,0
DA:3,0
DA:4,0
DA:5,0
DA:6,0
DA:7,0
DA:8,0
DA:9,0
DA:10,0
LF:10
LH:0
BRDA:1,0,0,0
BRF:1
BRH:0
end_of_record
TN:
SF:src/pages/AdminDashboard.jsx
FN:28,formatCurrency
FN:35,StatCard
FN:42,AdminDashboard
FN:48,fetchData
FN:58,calculateStats
FN:159,formatter
FNF:6
FNH:5
FNDA:10,formatCurrency
FNDA:6,StatCard
FNDA:4,AdminDashboard
FNDA:2,fetchData
FNDA:2,calculateStats
FNDA:0,formatter
DA:1,1
DA:2,1
DA:3,1
DA:17,1
DA:28,1
DA:29,10
DA:30,10
DA:31,10
DA:32,10
DA:33,10
DA:35,1
DA:36,6
DA:37,6
DA:38,6
DA:39,6
DA:42,4
DA:43,4
DA:44,4
DA:45,4
DA:47,4
DA:48,2
DA:49,2
DA:50,2
DA:51,2
DA:52,2
DA:53,2
DA:54,2
DA:55,2
DA:56,4
DA:58,4
DA:59,2
DA:60,1
DA:61,1
DA:62,1
DA:64,1
DA:65,1
DA:66,1
DA:67,1
DA:68,1
DA:69,1
DA:71,1
DA:72,1
DA:73,1
DA:74,1
DA:75,1
DA:76,1
DA:77,1
DA:78,1
DA:79,2
DA:80,2
DA:81,1
DA:82,0
DA:83,0
DA:84,1
DA:86,1
DA:87,5
DA:88,5
DA:89,1
DA:91,1
DA:92,2
DA:94,4
DA:95,2
DA:96,2
DA:97,2
DA:98,2
DA:99,2
DA:100,2
DA:101,2
DA:102,2
DA:103,2
DA:105,2
DA:106,2
DA:108,2
DA:110,2
DA:111,2
DA:112,2
DA:113,2
DA:114,2
DA:115,2
DA:116,2
DA:117,2
DA:118,2
DA:120,2
DA:121,2
DA:123,2
DA:124,2
DA:126,2
DA:127,2
DA:128,2
DA:129,2
DA:130,2
DA:131,2
DA:132,2
DA:133,2
DA:134,2
DA:135,2
DA:136,2
DA:137,2
DA:138,2
DA:139,2
DA:140,2
DA:141,2
DA:142,2
DA:143,2
DA:144,2
DA:145,2
DA:146,2
DA:147,2
DA:148,2
DA:150,2
DA:151,2
DA:153,2
DA:154,2
DA:155,2
DA:156,2
DA:157,2
DA:158,2
DA:159,2
DA:160,2
DA:161,2
DA:162,2
DA:163,2
DA:164,2
DA:166,2
DA:167,2
DA:169,2
DA:170,2
DA:171,2
DA:172,2
DA:173,2
DA:174,2
DA:175,2
DA:176,2
DA:177,2
DA:178,2
DA:179,2
DA:180,2
DA:181,2
DA:182,2
DA:183,2
DA:184,2
DA:185,2
DA:186,2
DA:187,2
DA:188,2
DA:189,2
DA:190,2
DA:191,2
DA:192,2
DA:193,2
DA:194,2
DA:195,2
DA:196,2
DA:197,2
DA:198,2
DA:199,2
DA:201,2
LF:157
LH:155
BRDA:28,0,0,10
BRDA:35,1,0,6
BRDA:42,2,0,4
BRDA:94,3,0,2
BRDA:47,4,0,2
BRDA:48,5,0,2
BRDA:58,6,0,2
BRDA:59,7,0,1
BRDA:66,8,0,2
BRDA:78,9,0,2
BRDA:79,10,0,0
BRDA:80,11,0,1
BRDA:81,12,0,0
BRDA:86,13,0,5
BRDA:183,14,0,2
BRF:15
BRH:13
end_of_record
TN:
SF:src/pages/LoginPage.jsx
FN:15,LoginPage
FN:20,handleLogin
FN:60,onClick
FN:82,onChange
FN:91,onChange
FNF:5
FNH:5
FNDA:8,LoginPage
FNDA:2,handleLogin
FNDA:1,onClick
FNDA:2,onChange
FNDA:2,onChange
DA:1,1
DA:2,1
DA:3,1
DA:12,1
DA:13,1
DA:15,8
DA:16,8
DA:17,8
DA:18,8
DA:20,8
DA:21,2
DA:22,2
DA:23,1
DA:24,1
DA:25,1
DA:26,1
DA:27,1
DA:28,1
DA:29,2
DA:31,8
DA:32,8
DA:33,8
DA:34,8
DA:35,8
DA:36,8
DA:37,8
DA:38,8
DA:39,8
DA:40,8
DA:42,8
DA:43,8
DA:44,8
DA:45,8
DA:46,8
DA:47,8
DA:48,8
DA:49,8
DA:50,8
DA:51,8
DA:52,8
DA:54,8
DA:55,8
DA:56,8
DA:58,8
DA:59,8
DA:60,8
DA:61,8
DA:62,8
DA:63,8
DA:64,8
DA:65,8
DA:66,8
DA:67,8
DA:68,8
DA:70,8
DA:71,8
DA:73,8
DA:75,8
DA:76,8
DA:77,8
DA:78,8
DA:79,8
DA:80,8
DA:81,8
DA:82,8
DA:83,8
DA:84,8
DA:85,8
DA:86,8
DA:87,8
DA:88,8
DA:89,8
DA:90,8
DA:91,8
DA:92,8
DA:93,8
DA:94,8
DA:96,8
DA:97,8
DA:98,8
DA:100,8
LF:81
LH:81
BRDA:15,0,0,8
BRDA:76,1,0,1
BRDA:20,2,0,2
BRDA:22,3,0,1
BRDA:60,4,0,1
BRDA:82,5,0,2
BRDA:91,6,0,2
BRF:7
BRH:7
end_of_record
TN:
SF:src/pages/Simulador.jsx
FN:31,Simulador
FN:48,handleValorEmprestimo
FN:52,handlePrazoMeses
FN:56,handleDataNascimento
FN:73,handleClose
FN:81,handleCalcular
FN:145,handleReset
FN:184,onClick
FN:302,onClick
FN:309,onClose
FN:349,onClick
FNF:11
FNH:9
FNDA:78,Simulador
FNDA:15,handleValorEmprestimo
FNDA:14,handlePrazoMeses
FNDA:14,handleDataNascimento
FNDA:1,handleClose
FNDA:7,handleCalcular
FNDA:1,handleReset
FNDA:1,onClick
FNDA:1,onClick
FNDA:0,onClose
FNDA:0,onClick
DA:1,1
DA:2,1
DA:3,1
DA:4,1
DA:23,1
DA:24,1
DA:25,1
DA:26,1
DA:27,1
DA:28,1
DA:29,1
DA:31,78
DA:32,78
DA:33,78
DA:35,78
DA:36,78
DA:37,78
DA:38,78
DA:40,78
DA:42,78
DA:43,78
DA:44,78
DA:45,78
DA:46,78
DA:48,78
DA:49,15
DA:50,15
DA:52,78
DA:53,14
DA:54,14
DA:56,78
DA:57,14
DA:59,14
DA:60,13
DA:61,13
DA:62,14
DA:63,13
DA:64,13
DA:66,14
DA:67,0
DA:68,0
DA:70,14
DA:71,14
DA:73,78
DA:74,1
DA:75,1
DA:76,1
DA:78,0
DA:79,1
DA:81,78
DA:82,7
DA:83,7
DA:84,7
DA:85,7
DA:86,7
DA:87,7
DA:88,7
DA:89,7
DA:91,7
DA:92,7
DA:93,1
DA:94,0
DA:95,7
DA:96,6
DA:97,6
DA:99,7
DA:100,2
DA:101,2
DA:102,2
DA:103,2
DA:104,2
DA:105,2
DA:106,2
DA:107,2
DA:108,2
DA:110,7
DA:111,1
DA:112,1
DA:113,1
DA:114,1
DA:115,1
DA:116,1
DA:117,1
DA:118,1
DA:120,7
DA:121,1
DA:122,1
DA:123,1
DA:124,1
DA:125,1
DA:126,1
DA:127,1
DA:128,1
DA:130,3
DA:131,3
DA:132,3
DA:133,3
DA:134,3
DA:136,3
DA:137,3
DA:138,3
DA:139,3
DA:140,3
DA:141,3
DA:142,3
DA:143,7
DA:145,78
DA:146,1
DA:147,1
DA:148,1
DA:149,1
DA:150,1
DA:152,78
DA:153,78
DA:154,78
DA:155,78
DA:156,78
DA:157,78
DA:159,78
DA:160,78
DA:161,78
DA:162,78
DA:163,78
DA:164,78
DA:165,78
DA:166,78
DA:167,78
DA:168,78
DA:170,78
DA:172,78
DA:173,78
DA:174,78
DA:175,78
DA:176,78
DA:177,78
DA:178,78
DA:179,78
DA:180,78
DA:181,78
DA:182,78
DA:183,78
DA:184,78
DA:185,78
DA:187,78
DA:188,78
DA:189,78
DA:190,78
DA:191,78
DA:192,78
DA:193,78
DA:194,78
DA:196,78
DA:197,78
DA:198,78
DA:199,78
DA:200,78
DA:201,78
DA:202,78
DA:204,78
DA:206,78
DA:207,78
DA:208,78
DA:210,78
DA:211,78
DA:212,78
DA:213,78
DA:214,78
DA:215,78
DA:217,78
DA:218,78
DA:219,78
DA:220,78
DA:221,78
DA:222,78
DA:223,78
DA:224,78
DA:225,78
DA:226,78
DA:227,78
DA:228,78
DA:229,78
DA:230,78
DA:231,78
DA:232,78
DA:233,78
DA:234,78
DA:235,78
DA:236,78
DA:237,78
DA:238,78
DA:239,78
DA:240,78
DA:241,78
DA:242,78
DA:243,78
DA:244,78
DA:245,78
DA:246,78
DA:247,78
DA:248,78
DA:249,78
DA:250,78
DA:251,78
DA:252,78
DA:253,78
DA:254,78
DA:255,78
DA:256,78
DA:257,78
DA:259,78
DA:260,78
DA:261,78
DA:262,78
DA:263,78
DA:264,78
DA:266,78
DA:268,78
DA:269,4
DA:270,4
DA:272,4
DA:273,4
DA:274,4
DA:275,4
DA:276,4
DA:277,4
DA:278,4
DA:279,4
DA:280,4
DA:281,4
DA:282,4
DA:283,4
DA:284,4
DA:285,4
DA:286,4
DA:287,4
DA:288,4
DA:289,4
DA:290,4
DA:291,4
DA:292,4
DA:293,4
DA:294,4
DA:295,4
DA:296,4
DA:297,4
DA:298,4
DA:299,4
DA:300,4
DA:301,4
DA:302,4
DA:303,4
DA:304,4
DA:306,4
DA:307,4
DA:308,4
DA:309,4
DA:310,4
DA:311,4
DA:313,4
DA:314,4
DA:315,4
DA:316,4
DA:317,4
DA:318,4
DA:319,4
DA:320,4
DA:321,4
DA:322,4
DA:323,4
DA:324,4
DA:325,4
DA:326,48
DA:327,48
DA:328,48
DA:329,48
DA:330,48
DA:331,48
DA:332,48
DA:333,48
DA:334,48
DA:335,48
DA:336,48
DA:337,48
DA:338,48
DA:339,48
DA:340,48
DA:341,48
DA:342,48
DA:343,48
DA:344,4
DA:345,4
DA:346,4
DA:347,4
DA:348,4
DA:349,4
DA:350,4
DA:351,4
DA:352,4
DA:354,78
DA:355,78
DA:356,78
DA:357,78
DA:358,78
DA:359,78
DA:360,78
DA:362,78
DA:363,78
DA:364,78
DA:365,78
DA:366,78
DA:367,78
DA:368,78
DA:369,78
DA:371,78
DA:372,78
DA:373,78
DA:374,78
DA:375,78
DA:377,78
DA:378,78
DA:379,78
DA:380,78
DA:382,78
LF:323
LH:319
BRDA:31,0,0,78
BRDA:268,1,0,4
BRDA:355,2,0,46
BRDA:355,3,0,33
BRDA:48,4,0,15
BRDA:52,5,0,14
BRDA:56,6,0,14
BRDA:59,7,0,13
BRDA:62,8,0,13
BRDA:66,9,0,0
BRDA:73,10,0,1
BRDA:76,11,0,0
BRDA:81,12,0,7
BRDA:92,13,0,1
BRDA:93,14,0,0
BRDA:95,15,0,6
BRDA:99,16,0,6
BRDA:99,17,0,2
BRDA:108,18,0,5
BRDA:110,19,0,1
BRDA:118,20,0,4
BRDA:120,21,0,1
BRDA:128,22,0,3
BRDA:145,23,0,1
BRDA:184,24,0,1
BRDA:302,25,0,1
BRDA:325,26,0,48
BRF:27
BRH:24
end_of_record
TN:
SF:src/services/HistoricoService.js
FN:2,getHistorico
FNF:1
FNH:1
FNDA:3,getHistorico
DA:1,1
DA:2,1
DA:3,3
DA:4,3
DA:5,3
DA:6,3
DA:7,1
DA:8,1
DA:9,1
DA:10,3
DA:11,3
DA:12,2
DA:13,2
DA:14,2
DA:15,3
DA:16,1
DA:18,1
LF:17
LH:17
BRDA:2,0,0,3
BRDA:5,1,0,2
BRDA:6,2,0,1
BRDA:10,3,0,0
BRDA:11,4,0,2
BRF:5
BRH:4
end_of_record
TN:
SF:src/services/RegistroSimulacaoService.js
FN:2,registrarSimulacao
FNF:1
FNH:1
FNDA:3,registrarSimulacao
DA:1,1
DA:2,1
DA:3,3
DA:5,3
DA:7,3
DA:8,3
DA:9,3
DA:10,3
DA:11,3
DA:12,3
DA:13,3
DA:14,3
DA:15,2
DA:16,1
DA:17,1
DA:18,1
DA:19,3
DA:20,3
DA:21,2
DA:22,2
DA:23,3
DA:24,3
DA:25,1
DA:27,1
LF:24
LH:24
BRDA:2,0,0,3
BRDA:14,1,0,2
BRDA:15,2,0,1
BRDA:20,3,0,2
BRF:4
BRH:4
end_of_record
TN:
SF:src/services/SimulacaoService.js
FN:5,SimulacaoService
FN:14,calcularSimulacao
FN:63,calcularPMT
FN:71,determinarTaxaJuros
FN:79,calcularIdade
FN:85,converterDataNascimento
FN:91,findTaxa
FN:98,findTaxaRecursively
FN:126,gerarTabelaAmortizacao
FNF:9
FNH:9
FNDA:2,SimulacaoService
FNDA:3,calcularSimulacao
FNDA:3,calcularPMT
FNDA:7,determinarTaxaJuros
FNDA:4,calcularIdade
FNDA:4,converterDataNascimento
FNDA:7,findTaxa
FNDA:24,findTaxaRecursively
FNDA:3,gerarTabelaAmortizacao
DA:1,1
DA:2,1
DA:4,1
DA:5,1
DA:6,2
DA:7,2
DA:8,2
DA:9,2
DA:10,2
DA:11,2
DA:12,2
DA:14,1
DA:15,3
DA:16,3
DA:17,3
DA:19,3
DA:20,3
DA:21,3
DA:22,3
DA:23,3
DA:25,3
DA:26,3
DA:27,3
DA:28,3
DA:29,3
DA:30,3
DA:31,3
DA:32,3
DA:33,3
DA:34,3
DA:35,3
DA:36,3
DA:37,3
DA:38,3
DA:39,3
DA:40,3
DA:41,3
DA:43,3
DA:45,3
DA:46,3
DA:47,3
DA:48,3
DA:49,3
DA:50,3
DA:51,3
DA:52,3
DA:53,3
DA:54,3
DA:55,1
DA:56,1
DA:57,1
DA:58,1
DA:59,1
DA:60,1
DA:61,1
DA:62,1
DA:63,1
DA:64,3
DA:65,3
DA:66,3
DA:67,3
DA:68,3
DA:69,3
DA:71,1
DA:72,7
DA:73,7
DA:74,7
DA:75,0
DA:76,0
DA:77,7
DA:79,1
DA:80,4
DA:81,4
DA:82,4
DA:83,4
DA:85,1
DA:86,4
DA:87,4
DA:88,4
DA:89,4
DA:91,1
DA:92,7
DA:93,7
DA:94,7
DA:95,7
DA:96,7
DA:98,1
DA:99,24
DA:100,7
DA:101,17
DA:102,17
DA:103,17
DA:104,24
DA:105,17
DA:106,17
DA:107,17
DA:109,17
DA:110,17
DA:111,17
DA:112,17
DA:113,17
DA:114,17
DA:116,17
DA:117,17
DA:119,17
DA:120,0
DA:121,0
DA:122,17
DA:123,10
DA:124,24
DA:126,1
DA:127,3
DA:128,3
DA:130,3
DA:131,36
DA:132,36
DA:133,36
DA:135,36
DA:136,36
DA:137,36
DA:138,36
DA:139,36
DA:140,36
DA:141,36
DA:143,3
DA:144,3
DA:145,1
LF:127
LH:123
BRDA:5,0,0,2
BRDA:8,1,0,6
BRDA:14,2,0,3
BRDA:63,3,0,3
BRDA:71,4,0,7
BRDA:74,5,0,0
BRDA:79,6,0,4
BRDA:85,7,0,4
BRDA:91,8,0,7
BRDA:94,9,0,0
BRDA:98,10,0,24
BRDA:99,11,0,7
BRDA:100,12,0,17
BRDA:102,13,0,7
BRDA:103,14,0,0
BRDA:104,15,0,17
BRDA:110,16,0,0
BRDA:111,17,0,0
BRDA:112,18,0,0
BRDA:113,19,0,10
BRDA:114,20,0,0
BRDA:116,21,0,7
BRDA:117,22,0,10
BRDA:119,23,0,0
BRDA:122,24,0,10
BRDA:126,25,0,3
BRDA:130,26,0,36
BRDA:139,27,0,35
BRDA:139,28,0,1
BRF:29
BRH:21
end_of_record
