TN:
SF:src/App.jsx
FN:1,(empty-report)
FNF:1
FNH:0
FNDA:0,(empty-report)
DA:1,0
DA:2,0
DA:3,0
DA:4,0
DA:5,0
DA:6,0
DA:7,0
DA:8,0
DA:9,0
DA:10,0
DA:11,0
DA:12,0
LF:12
LH:0
BRDA:1,0,0,0
BRF:1
BRH:0
end_of_record
TN:
SF:src/main.jsx
FN:1,(empty-report)
FNF:1
FNH:0
FNDA:0,(empty-report)
DA:1,0
DA:2,0
DA:3,0
DA:4,0
DA:5,0
DA:6,0
DA:7,0
DA:8,0
DA:9,0
DA:10,0
LF:10
LH:0
BRDA:1,0,0,0
BRF:1
BRH:0
end_of_record
TN:
SF:src/pages/Simulador.jsx
FN:32,Simulador
FN:49,handleValorEmprestimo
FN:53,handlePrazoMeses
FN:57,handleDataNascimento
FN:74,handleClose
FN:82,handleCalcular
FN:142,handleReset
FN:269,onClick
FN:274,onClose
FN:299,onClick
FNF:10
FNH:7
FNDA:74,Simulador
FNDA:15,handleValorEmprestimo
FNDA:14,handlePrazoMeses
FNDA:14,handleDataNascimento
FNDA:0,handleClose
FNDA:7,handleCalcular
FNDA:1,handleReset
FNDA:1,onClick
FNDA:0,onClose
FNDA:0,onClick
DA:1,1
DA:2,1
DA:3,1
DA:4,1
DA:23,1
DA:24,1
DA:25,1
DA:26,1
DA:27,1
DA:28,1
DA:29,1
DA:32,74
DA:33,74
DA:34,74
DA:37,74
DA:38,74
DA:39,74
DA:41,74
DA:43,74
DA:44,74
DA:45,74
DA:46,74
DA:47,74
DA:49,74
DA:50,15
DA:51,15
DA:53,74
DA:54,14
DA:55,14
DA:57,74
DA:58,14
DA:60,14
DA:61,13
DA:62,13
DA:63,14
DA:64,13
DA:65,13
DA:67,14
DA:68,0
DA:69,0
DA:71,14
DA:72,14
DA:74,74
DA:75,0
DA:76,0
DA:77,0
DA:79,0
DA:80,0
DA:82,74
DA:83,7
DA:85,7
DA:86,7
DA:87,7
DA:88,7
DA:89,7
DA:90,7
DA:92,7
DA:93,7
DA:94,1
DA:95,0
DA:96,7
DA:97,6
DA:98,6
DA:100,7
DA:101,2
DA:102,2
DA:103,2
DA:104,2
DA:105,2
DA:106,2
DA:107,2
DA:108,2
DA:110,5
DA:111,5
DA:112,5
DA:113,5
DA:114,5
DA:116,7
DA:117,1
DA:118,1
DA:119,1
DA:120,1
DA:121,1
DA:122,1
DA:123,1
DA:125,7
DA:126,1
DA:127,1
DA:128,1
DA:129,1
DA:130,1
DA:131,1
DA:132,1
DA:134,3
DA:135,3
DA:136,3
DA:137,3
DA:138,3
DA:139,3
DA:140,7
DA:142,74
DA:143,1
DA:144,1
DA:145,1
DA:146,1
DA:147,1
DA:149,74
DA:150,74
DA:151,74
DA:152,74
DA:153,74
DA:154,74
DA:156,74
DA:157,74
DA:158,74
DA:159,74
DA:160,74
DA:161,74
DA:162,74
DA:163,74
DA:164,74
DA:165,74
DA:167,74
DA:168,74
DA:169,74
DA:170,74
DA:171,74
DA:172,74
DA:174,74
DA:175,74
DA:176,74
DA:177,74
DA:178,74
DA:179,74
DA:180,74
DA:182,74
DA:184,74
DA:185,74
DA:186,74
DA:188,74
DA:189,74
DA:190,74
DA:191,74
DA:192,74
DA:193,74
DA:195,74
DA:196,74
DA:197,74
DA:198,74
DA:199,74
DA:200,74
DA:201,74
DA:202,74
DA:203,74
DA:204,74
DA:205,74
DA:206,74
DA:207,74
DA:208,74
DA:209,74
DA:210,74
DA:211,74
DA:212,74
DA:213,74
DA:214,74
DA:215,74
DA:216,74
DA:217,74
DA:218,74
DA:219,74
DA:220,74
DA:221,74
DA:222,74
DA:223,74
DA:224,74
DA:225,74
DA:226,74
DA:227,74
DA:228,74
DA:229,74
DA:230,74
DA:231,74
DA:232,74
DA:233,74
DA:234,74
DA:236,74
DA:237,74
DA:238,74
DA:239,74
DA:240,74
DA:241,74
DA:243,74
DA:245,74
DA:246,4
DA:247,4
DA:248,4
DA:249,4
DA:250,4
DA:251,4
DA:252,4
DA:253,4
DA:254,4
DA:255,4
DA:256,4
DA:257,4
DA:258,4
DA:259,4
DA:260,4
DA:261,4
DA:262,4
DA:263,4
DA:264,4
DA:265,4
DA:266,4
DA:267,4
DA:268,4
DA:269,4
DA:270,4
DA:271,4
DA:273,4
DA:274,4
DA:275,4
DA:276,4
DA:277,4
DA:278,4
DA:279,4
DA:280,4
DA:281,4
DA:282,4
DA:283,4
DA:284,4
DA:285,4
DA:286,4
DA:287,4
DA:288,48
DA:289,48
DA:290,48
DA:291,48
DA:292,48
DA:293,48
DA:294,4
DA:295,4
DA:296,4
DA:297,4
DA:298,4
DA:299,4
DA:300,4
DA:301,4
DA:302,4
DA:305,74
DA:306,74
DA:307,74
DA:308,74
DA:309,74
DA:310,74
DA:312,74
DA:313,74
DA:314,74
DA:315,74
DA:316,74
DA:317,74
DA:318,74
DA:319,74
DA:321,74
DA:322,74
DA:323,74
DA:324,74
DA:325,74
DA:327,74
DA:328,74
DA:329,74
DA:330,74
DA:332,74
LF:273
LH:265
BRDA:32,0,0,74
BRDA:245,1,0,4
BRDA:306,2,0,42
BRDA:306,3,0,30
BRDA:49,4,0,15
BRDA:53,5,0,14
BRDA:57,6,0,14
BRDA:60,7,0,13
BRDA:63,8,0,13
BRDA:67,9,0,0
BRDA:82,10,0,7
BRDA:93,11,0,1
BRDA:94,12,0,0
BRDA:96,13,0,6
BRDA:100,14,0,6
BRDA:100,15,0,2
BRDA:108,16,0,5
BRDA:116,17,0,1
BRDA:123,18,0,4
BRDA:125,19,0,1
BRDA:132,20,0,3
BRDA:142,21,0,1
BRDA:269,22,0,1
BRDA:287,23,0,48
BRF:24
BRH:22
end_of_record
TN:
SF:src/services/SimulacaoService.js
FN:4,SimulacaoService
FN:13,calcularSimulacao
FN:51,calcularPMT
FN:59,determinarTaxaJuros
FN:67,calcularIdade
FN:73,converterDataNascimento
FN:80,findTaxa
FN:87,findTaxaRecursively
FN:115,gerarTabelaAmortizacao
FNF:9
FNH:9
FNDA:80,SimulacaoService
FNDA:11,calcularSimulacao
FNDA:11,calcularPMT
FNDA:17,determinarTaxaJuros
FNDA:12,calcularIdade
FNDA:12,converterDataNascimento
FNDA:18,findTaxa
FNDA:55,findTaxaRecursively
FNDA:11,gerarTabelaAmortizacao
DA:1,1
DA:3,1
DA:4,1
DA:5,80
DA:6,80
DA:7,80
DA:8,80
DA:9,80
DA:10,80
DA:11,80
DA:13,1
DA:14,11
DA:15,11
DA:16,11
DA:18,11
DA:19,11
DA:20,11
DA:21,11
DA:22,11
DA:24,11
DA:25,11
DA:26,11
DA:27,11
DA:28,11
DA:29,11
DA:30,11
DA:31,11
DA:33,11
DA:34,11
DA:35,11
DA:36,11
DA:37,11
DA:38,11
DA:39,11
DA:40,11
DA:41,11
DA:42,11
DA:43,1
DA:44,1
DA:45,1
DA:46,1
DA:47,1
DA:48,1
DA:49,1
DA:50,1
DA:51,1
DA:52,11
DA:53,11
DA:54,11
DA:55,11
DA:56,11
DA:57,11
DA:59,1
DA:60,17
DA:61,17
DA:62,17
DA:63,2
DA:64,2
DA:65,17
DA:67,1
DA:68,12
DA:69,12
DA:70,12
DA:71,12
DA:73,1
DA:74,12
DA:75,12
DA:76,12
DA:77,12
DA:80,1
DA:81,18
DA:82,18
DA:83,18
DA:84,15
DA:85,18
DA:87,1
DA:88,55
DA:89,18
DA:90,37
DA:91,37
DA:92,37
DA:93,55
DA:94,37
DA:95,37
DA:96,37
DA:98,37
DA:99,37
DA:100,37
DA:101,37
DA:102,37
DA:103,37
DA:105,37
DA:106,37
DA:108,37
DA:109,0
DA:110,0
DA:111,37
DA:112,25
DA:113,55
DA:115,1
DA:116,11
DA:117,11
DA:119,11
DA:120,108
DA:121,108
DA:122,108
DA:124,108
DA:125,108
DA:126,108
DA:127,108
DA:128,108
DA:129,108
DA:130,108
DA:132,11
DA:133,11
DA:134,1
LF:116
LH:114
BRDA:4,0,0,80
BRDA:7,1,0,229
BRDA:13,2,0,11
BRDA:51,3,0,11
BRDA:59,4,0,17
BRDA:62,5,0,2
BRDA:67,6,0,12
BRDA:73,7,0,12
BRDA:80,8,0,18
BRDA:83,9,0,3
BRDA:83,10,0,15
BRDA:87,11,0,55
BRDA:88,12,0,18
BRDA:89,13,0,37
BRDA:91,14,0,15
BRDA:92,15,0,3
BRDA:93,16,0,37
BRDA:99,17,0,0
BRDA:100,18,0,0
BRDA:101,19,0,0
BRDA:102,20,0,22
BRDA:103,21,0,0
BRDA:105,22,0,15
BRDA:106,23,0,22
BRDA:108,24,0,0
BRDA:111,25,0,25
BRDA:115,26,0,11
BRDA:119,27,0,108
BRDA:128,28,0,94
BRDA:128,29,0,14
BRF:30
BRH:25
end_of_record
