TN:
SF:src/App.jsx
FN:1,(empty-report)
FNF:1
FNH:0
FNDA:0,(empty-report)
DA:1,0
DA:2,0
DA:3,0
DA:4,0
DA:5,0
DA:6,0
DA:7,0
DA:8,0
DA:9,0
DA:10,0
DA:11,0
DA:12,0
LF:12
LH:0
BRDA:1,0,0,0
BRF:1
BRH:0
end_of_record
TN:
SF:src/main.jsx
FN:1,(empty-report)
FNF:1
FNH:0
FNDA:0,(empty-report)
DA:1,0
DA:2,0
DA:3,0
DA:4,0
DA:5,0
DA:6,0
DA:7,0
DA:8,0
DA:9,0
DA:10,0
LF:10
LH:0
BRDA:1,0,0,0
BRF:1
BRH:0
end_of_record
TN:
SF:src/pages/Simulador.jsx
FN:31,Simulador
FN:47,handleValorEmprestimo
FN:51,handlePrazoMeses
FN:55,handleDataNascimento
FN:72,handleClose
FN:80,handleCalcular
FN:140,handleReset
FN:278,onClick
FN:285,onClose
FN:325,onClick
FNF:10
FNH:7
FNDA:74,Simulador
FNDA:15,handleValorEmprestimo
FNDA:14,handlePrazoMeses
FNDA:14,handleDataNascimento
FNDA:0,handleClose
FNDA:7,handleCalcular
FNDA:1,handleReset
FNDA:1,onClick
FNDA:0,onClose
FNDA:0,onClick
DA:1,1
DA:2,1
DA:3,1
DA:4,1
DA:23,1
DA:24,1
DA:25,1
DA:26,1
DA:27,1
DA:28,1
DA:29,1
DA:31,74
DA:32,74
DA:33,74
DA:35,74
DA:36,74
DA:37,74
DA:39,74
DA:41,74
DA:42,74
DA:43,74
DA:44,74
DA:45,74
DA:47,74
DA:48,15
DA:49,15
DA:51,74
DA:52,14
DA:53,14
DA:55,74
DA:56,14
DA:58,14
DA:59,13
DA:60,13
DA:61,14
DA:62,13
DA:63,13
DA:65,14
DA:66,0
DA:67,0
DA:69,14
DA:70,14
DA:72,74
DA:73,0
DA:74,0
DA:75,0
DA:77,0
DA:78,0
DA:80,74
DA:81,7
DA:83,7
DA:84,7
DA:85,7
DA:86,7
DA:87,7
DA:88,7
DA:90,7
DA:91,7
DA:92,1
DA:93,0
DA:94,7
DA:95,6
DA:96,6
DA:98,7
DA:99,2
DA:100,2
DA:101,2
DA:102,2
DA:103,2
DA:104,2
DA:105,2
DA:106,2
DA:108,5
DA:109,5
DA:110,5
DA:111,5
DA:112,5
DA:114,7
DA:115,1
DA:116,1
DA:117,1
DA:118,1
DA:119,1
DA:120,1
DA:121,1
DA:123,7
DA:124,1
DA:125,1
DA:126,1
DA:127,1
DA:128,1
DA:129,1
DA:130,1
DA:132,3
DA:133,3
DA:134,3
DA:135,3
DA:136,3
DA:137,3
DA:138,7
DA:140,74
DA:141,1
DA:142,1
DA:143,1
DA:144,1
DA:145,1
DA:147,74
DA:148,74
DA:149,74
DA:150,74
DA:151,74
DA:152,74
DA:154,74
DA:155,74
DA:156,74
DA:157,74
DA:158,74
DA:159,74
DA:160,74
DA:161,74
DA:162,74
DA:163,74
DA:165,74
DA:166,74
DA:167,74
DA:168,74
DA:169,74
DA:170,74
DA:172,74
DA:173,74
DA:174,74
DA:175,74
DA:176,74
DA:177,74
DA:178,74
DA:180,74
DA:182,74
DA:183,74
DA:184,74
DA:186,74
DA:187,74
DA:188,74
DA:189,74
DA:190,74
DA:191,74
DA:193,74
DA:194,74
DA:195,74
DA:196,74
DA:197,74
DA:198,74
DA:199,74
DA:200,74
DA:201,74
DA:202,74
DA:203,74
DA:204,74
DA:205,74
DA:206,74
DA:207,74
DA:208,74
DA:209,74
DA:210,74
DA:211,74
DA:212,74
DA:213,74
DA:214,74
DA:215,74
DA:216,74
DA:217,74
DA:218,74
DA:219,74
DA:220,74
DA:221,74
DA:222,74
DA:223,74
DA:224,74
DA:225,74
DA:226,74
DA:227,74
DA:228,74
DA:229,74
DA:230,74
DA:231,74
DA:232,74
DA:233,74
DA:235,74
DA:236,74
DA:237,74
DA:238,74
DA:239,74
DA:240,74
DA:242,74
DA:244,74
DA:245,4
DA:246,4
DA:248,4
DA:249,4
DA:250,4
DA:251,4
DA:252,4
DA:253,4
DA:254,4
DA:255,4
DA:256,4
DA:257,4
DA:258,4
DA:259,4
DA:260,4
DA:261,4
DA:262,4
DA:263,4
DA:264,4
DA:265,4
DA:266,4
DA:267,4
DA:268,4
DA:269,4
DA:270,4
DA:271,4
DA:272,4
DA:273,4
DA:274,4
DA:275,4
DA:276,4
DA:277,4
DA:278,4
DA:279,4
DA:280,4
DA:282,4
DA:283,4
DA:284,4
DA:285,4
DA:286,4
DA:287,4
DA:289,4
DA:290,4
DA:291,4
DA:292,4
DA:293,4
DA:294,4
DA:295,4
DA:296,4
DA:297,4
DA:298,4
DA:299,4
DA:300,4
DA:301,4
DA:302,48
DA:303,48
DA:304,48
DA:305,48
DA:306,48
DA:307,48
DA:308,48
DA:309,48
DA:310,48
DA:311,48
DA:312,48
DA:313,48
DA:314,48
DA:315,48
DA:316,48
DA:317,48
DA:318,48
DA:319,48
DA:320,4
DA:321,4
DA:322,4
DA:323,4
DA:324,4
DA:325,4
DA:326,4
DA:327,4
DA:328,4
DA:330,74
DA:331,74
DA:332,74
DA:333,74
DA:334,74
DA:335,74
DA:337,74
DA:338,74
DA:339,74
DA:340,74
DA:341,74
DA:342,74
DA:343,74
DA:344,74
DA:346,74
DA:347,74
DA:348,74
DA:349,74
DA:350,74
DA:352,74
DA:353,74
DA:354,74
DA:355,74
DA:357,74
LF:299
LH:291
BRDA:31,0,0,74
BRDA:244,1,0,4
BRDA:331,2,0,42
BRDA:331,3,0,30
BRDA:47,4,0,15
BRDA:51,5,0,14
BRDA:55,6,0,14
BRDA:58,7,0,13
BRDA:61,8,0,13
BRDA:65,9,0,0
BRDA:80,10,0,7
BRDA:91,11,0,1
BRDA:92,12,0,0
BRDA:94,13,0,6
BRDA:98,14,0,6
BRDA:98,15,0,2
BRDA:106,16,0,5
BRDA:114,17,0,1
BRDA:121,18,0,4
BRDA:123,19,0,1
BRDA:130,20,0,3
BRDA:140,21,0,1
BRDA:278,22,0,1
BRDA:301,23,0,48
BRF:24
BRH:22
end_of_record
TN:
SF:src/services/RegistroSimulacaoService.js
FN:2,registrarSimulacao
FNF:1
FNH:0
FNDA:0,registrarSimulacao
DA:1,1
DA:2,1
DA:3,0
DA:4,0
DA:5,0
DA:6,0
DA:7,0
DA:8,0
DA:9,0
DA:10,0
DA:11,0
DA:12,0
DA:13,0
DA:14,0
DA:15,0
DA:16,0
DA:18,0
DA:19,0
DA:20,0
DA:22,0
DA:23,0
DA:24,1
DA:26,1
LF:23
LH:4
BRF:0
BRH:0
end_of_record
TN:
SF:src/services/SimulacaoService.js
FN:5,SimulacaoService
FN:14,calcularSimulacao
FN:58,calcularPMT
FN:66,determinarTaxaJuros
FN:74,calcularIdade
FN:80,converterDataNascimento
FN:87,findTaxa
FN:94,findTaxaRecursively
FN:122,gerarTabelaAmortizacao
FNF:9
FNH:9
FNDA:80,SimulacaoService
FNDA:11,calcularSimulacao
FNDA:11,calcularPMT
FNDA:17,determinarTaxaJuros
FNDA:12,calcularIdade
FNDA:12,converterDataNascimento
FNDA:18,findTaxa
FNDA:55,findTaxaRecursively
FNDA:11,gerarTabelaAmortizacao
DA:1,1
DA:2,1
DA:4,1
DA:5,1
DA:6,80
DA:7,80
DA:8,80
DA:9,80
DA:10,80
DA:11,80
DA:12,80
DA:14,1
DA:15,11
DA:16,11
DA:17,11
DA:19,11
DA:20,11
DA:21,11
DA:22,11
DA:23,11
DA:25,11
DA:26,11
DA:27,11
DA:28,11
DA:29,11
DA:30,11
DA:31,11
DA:32,11
DA:34,11
DA:35,11
DA:36,11
DA:37,11
DA:38,11
DA:40,11
DA:41,11
DA:42,11
DA:43,11
DA:44,11
DA:45,11
DA:46,11
DA:47,11
DA:48,11
DA:49,11
DA:50,1
DA:51,1
DA:52,1
DA:53,1
DA:54,1
DA:55,1
DA:56,1
DA:57,1
DA:58,1
DA:59,11
DA:60,11
DA:61,11
DA:62,11
DA:63,11
DA:64,11
DA:66,1
DA:67,17
DA:68,17
DA:69,17
DA:70,2
DA:71,2
DA:72,17
DA:74,1
DA:75,12
DA:76,12
DA:77,12
DA:78,12
DA:80,1
DA:81,12
DA:82,12
DA:83,12
DA:84,12
DA:87,1
DA:88,18
DA:89,18
DA:90,18
DA:91,15
DA:92,18
DA:94,1
DA:95,55
DA:96,18
DA:97,37
DA:98,37
DA:99,37
DA:100,55
DA:101,37
DA:102,37
DA:103,37
DA:105,37
DA:106,37
DA:107,37
DA:108,37
DA:109,37
DA:110,37
DA:112,37
DA:113,37
DA:115,37
DA:116,0
DA:117,0
DA:118,37
DA:119,25
DA:120,55
DA:122,1
DA:123,11
DA:124,11
DA:126,11
DA:127,108
DA:128,108
DA:129,108
DA:131,108
DA:132,108
DA:133,108
DA:134,108
DA:135,108
DA:136,108
DA:137,108
DA:139,11
DA:140,11
DA:141,1
LF:122
LH:120
BRDA:5,0,0,80
BRDA:8,1,0,229
BRDA:14,2,0,11
BRDA:58,3,0,11
BRDA:66,4,0,17
BRDA:69,5,0,2
BRDA:74,6,0,12
BRDA:80,7,0,12
BRDA:87,8,0,18
BRDA:90,9,0,3
BRDA:90,10,0,15
BRDA:94,11,0,55
BRDA:95,12,0,18
BRDA:96,13,0,37
BRDA:98,14,0,15
BRDA:99,15,0,3
BRDA:100,16,0,37
BRDA:106,17,0,0
BRDA:107,18,0,0
BRDA:108,19,0,0
BRDA:109,20,0,22
BRDA:110,21,0,0
BRDA:112,22,0,15
BRDA:113,23,0,22
BRDA:115,24,0,0
BRDA:118,25,0,25
BRDA:122,26,0,11
BRDA:126,27,0,108
BRDA:135,28,0,94
BRDA:135,29,0,14
BRF:30
BRH:25
end_of_record
